{"name": "test_create_booking_tc2", "status": "failed", "statusDetails": {"message": "AssertionError: assert True == False", "trace": "def test_create_booking_tc2():\n>       assert True == False\nE       assert True == False\n\ntests/integration_test/test_create_booking.py:25: AssertionError"}, "start": 1689733254815, "stop": 1689733254815, "uuid": "1f05bd44-35e3-4f24-ba88-4888dc3ded21", "historyId": "433db1bfdd297ac38dca36ef52064797", "testCaseId": "433db1bfdd297ac38dca36ef52064797", "fullName": "tests.integration_test.test_create_booking#test_create_booking_tc2", "labels": [{"name": "parentSuite", "value": "tests.integration_test"}, {"name": "suite", "value": "test_create_booking"}, {"name": "host", "value": "MBP-C02DRR20MD6M"}, {"name": "thread", "value": "51790-MainThread"}, {"name": "framework", "value": "pytest"}, {"name": "language", "value": "cpython3"}, {"name": "package", "value": "tests.integration_test.test_create_booking"}]}